                                                              _..._                                        
                                                           .-'_..._''.                                     
                    __  __   ___         __.....__       .' .'      '.\                                    
  .--./)           |  |/  `.'   `.   .-''         '.    / .'                                 _.._          
 /.''.\            |   .-.  .-.   ' /     .-''"'-.  `. . '             .-,.--.             .' .._|    .|   
| |  | |      __   |  |  |  |  |  |/     /________\   \| |             |  .-. |    __      | '      .' |_  
 \`-' /    .:--.'. |  |  |  |  |  ||                  || |             | |  | | .:--.'.  __| |__  .'     | 
 /("'`    / |   \ ||  |  |  |  |  |\    .-------------'. '             | |  | |/ |   \ ||__   __|'--.  .-' 
 \ '---.  `" __ | ||  |  |  |  |  | \    '-.____...---. \ '.          .| |  '- `" __ | |   | |      |  |   
  /'""'.\  .'.''| ||__|  |__|  |__|  `.             .'   '. `._____.-'/| |      .'.''| |   | |      |  |   
 ||     ||/ /   | |_                   `''-...... -'       `-.______ / | |     / /   | |_  | |      |  '.' 
 \'. __// \ \._,\ '/                                                `  |_|     \ \._,\ '/  | |      |   /  
  `'---'   `--'  `"                                                             `--'  `"   |_|      `'-'   

--- NEW LOG ---
--- CURRENT TIME: 1714296168385 ---
Server is running on http://0.0.0.0:8080
Started refreshing 10 application (/) commands.
Ready! Logged in as GameCraft#6247
Server is running! Current time: 1714296169494
Successfully reloaded 10 application (/) commands.
Connected to mongodb.
                                                              _..._                                        
                                                           .-'_..._''.                                     
                    __  __   ___         __.....__       .' .'      '.\                                    
  .--./)           |  |/  `.'   `.   .-''         '.    / .'                                 _.._          
 /.''.\            |   .-.  .-.   ' /     .-''"'-.  `. . '             .-,.--.             .' .._|    .|   
| |  | |      __   |  |  |  |  |  |/     /________\   \| |             |  .-. |    __      | '      .' |_  
 \`-' /    .:--.'. |  |  |  |  |  ||                  || |             | |  | | .:--.'.  __| |__  .'     | 
 /("'`    / |   \ ||  |  |  |  |  |\    .-------------'. '             | |  | |/ |   \ ||__   __|'--.  .-' 
 \ '---.  `" __ | ||  |  |  |  |  | \    '-.____...---. \ '.          .| |  '- `" __ | |   | |      |  |   
  /'""'.\  .'.''| ||__|  |__|  |__|  `.             .'   '. `._____.-'/| |      .'.''| |   | |      |  |   
 ||     ||/ /   | |_                   `''-...... -'       `-.______ / | |     / /   | |_  | |      |  '.' 
 \'. __// \ \._,\ '/                                                `  |_|     \ \._,\ '/  | |      |   /  
  `'---'   `--'  `"                                                             `--'  `"   |_|      `'-'   

--- NEW LOG ---
--- CURRENT TIME: 1714386303685 ---
Server is running on http://0.0.0.0:8080
Started refreshing 10 application (/) commands.
Ready! Logged in as GameCraft#6247
Server is running! Current time: 1714386304789
Successfully reloaded 10 application (/) commands.
Connected to mongodb.
                                                              _..._                                        
                                                           .-'_..._''.                                     
                    __  __   ___         __.....__       .' .'      '.\                                    
  .--./)           |  |/  `.'   `.   .-''         '.    / .'                                 _.._          
 /.''.\            |   .-.  .-.   ' /     .-''"'-.  `. . '             .-,.--.             .' .._|    .|   
| |  | |      __   |  |  |  |  |  |/     /________\   \| |             |  .-. |    __      | '      .' |_  
 \`-' /    .:--.'. |  |  |  |  |  ||                  || |             | |  | | .:--.'.  __| |__  .'     | 
 /("'`    / |   \ ||  |  |  |  |  |\    .-------------'. '             | |  | |/ |   \ ||__   __|'--.  .-' 
 \ '---.  `" __ | ||  |  |  |  |  | \    '-.____...---. \ '.          .| |  '- `" __ | |   | |      |  |   
  /'""'.\  .'.''| ||__|  |__|  |__|  `.             .'   '. `._____.-'/| |      .'.''| |   | |      |  |   
 ||     ||/ /   | |_                   `''-...... -'       `-.______ / | |     / /   | |_  | |      |  '.' 
 \'. __// \ \._,\ '/                                                `  |_|     \ \._,\ '/  | |      |   /  
  `'---'   `--'  `"                                                             `--'  `"   |_|      `'-'   

--- NEW LOG ---
--- CURRENT TIME: 1714386384869 ---
Server is running on http://0.0.0.0:8080
Server is running! Current time: 1714386385454
Started refreshing 10 application (/) commands.
Ready! Logged in as GameCraft#6247
Server is running! Current time: 1714386385876
Server is running! Current time: 1714386385876
Successfully reloaded 10 application (/) commands.
Connected to mongodb.
Server is running! Current time: 1714386440787
Server is running! Current time: 1714386440787
Server is running! Current time: 1714386495794
Server is running! Current time: 1714386495794
Server is running! Current time: 1714386550795
Server is running! Current time: 1714386550795
Server is running! Current time: 1714386605802
Server is running! Current time: 1714386605802
Server is running! Current time: 1714386660804
Server is running! Current time: 1714386660804
Server is running! Current time: 1714386715811
Server is running! Current time: 1714386715811
Server is running! Current time: 1714386770811
Server is running! Current time: 1714386770811
Server is running! Current time: 1714386825816
Server is running! Current time: 1714386825815
Server is running! Current time: 1714386880817
Server is running! Current time: 1714386880817
Server is running! Current time: 1714386935821
Server is running! Current time: 1714386935821
Server is running! Current time: 1714386990825
Server is running! Current time: 1714386990825
Server is running! Current time: 1714387045827
Server is running! Current time: 1714387045827
Server is running! Current time: 1714387100831
Server is running! Current time: 1714387100830
Server is running! Current time: 1714387155833
Server is running! Current time: 1714387155833
Server is running! Current time: 1714387210835
Server is running! Current time: 1714387210834
Server is running! Current time: 1714387265844
Server is running! Current time: 1714387265844
Server is running! Current time: 1714387320850
Server is running! Current time: 1714387320850
Server is running! Current time: 1714387375852
Server is running! Current time: 1714387375852
Server is running! Current time: 1714387430855
Server is running! Current time: 1714387430854
Server is running! Current time: 1714387485862
Server is running! Current time: 1714387485862
Server is running! Current time: 1714387540867
Server is running! Current time: 1714387540867
Server is running! Current time: 1714387595874
Server is running! Current time: 1714387595873
Server is running! Current time: 1714387650874
Server is running! Current time: 1714387650874
Server is running! Current time: 1714387705876
Server is running! Current time: 1714387705876
